<?xml version="1.0" encoding="UTF-8"?>
<!-- Generated by org.testng.reporters.JUnitReportReporter -->
<testsuite skipped="0" hostname="DESKTOP-3RCSMBT" name="com.statista.tests.MuhabbatTestCases" tests="1" failures="0" timestamp="25 Mar 2018 20:19:40 GMT" time="7.562" errors="0">
  <testcase name="verifySearchFunctionality" time="7.562" classname="com.statista.tests.MuhabbatTestCases"/>
</testsuite> <!-- com.statista.tests.MuhabbatTestCases -->
