<?xml version="1.0" encoding="UTF-8"?>
<!-- Generated by org.testng.reporters.JUnitReportReporter -->
<testsuite skipped="0" hostname="Abdukerims-MBP.fios-router.home" name="com.statista.tests.AbdukerimTestCases" tests="1" failures="0" timestamp="25 Mar 2018 03:22:18 GMT" time="11.746" errors="0">
  <testcase name="searchEmpty" time="11.746" classname="com.statista.tests.AbdukerimTestCases"/>
</testsuite> <!-- com.statista.tests.AbdukerimTestCases -->
