<?xml version="1.0" encoding="UTF-8"?>
<!-- Generated by org.testng.reporters.JUnitReportReporter -->
<testsuite skipped="0" hostname="batiky" name="com.statista.tests.MuhabbatTestCases" tests="1" failures="0" timestamp="18 Mar 2018 23:02:14 GMT" time="10.267" errors="0">
  <testcase name="homePageTitleAndLogoVerification" time="10.267" classname="com.statista.tests.MuhabbatTestCases"/>
</testsuite> <!-- com.statista.tests.MuhabbatTestCases -->
