<?xml version="1.0" encoding="UTF-8"?>
<!-- Generated by org.testng.reporters.JUnitReportReporter -->
<testsuite skipped="0" hostname="Abdukerims-MacBook-Pro.local" name="com.statista.tests.AbdukerimTestCases" tests="1" failures="0" timestamp="25 Mar 2018 18:10:13 GMT" time="10.868" errors="0">
  <testcase name="searchEmpty" time="10.868" classname="com.statista.tests.AbdukerimTestCases"/>
</testsuite> <!-- com.statista.tests.AbdukerimTestCases -->
